#
# A fatal error has been detected by the Java Runtime Environment:
#
#  EXCEPTION_ACCESS_VIOLATION (0xc0000005) at pc=0x00007ff80b0d22e8, pid=21836, tid=2916
#
# JRE version: OpenJDK Runtime Environment (17.0.3+7) (build 17.0.3+7-LTS)
# Java VM: OpenJDK 64-Bit Server VM (17.0.3+7-LTS, mixed mode, tiered, compressed oops, compressed class ptrs, g1 gc, windows-amd64)
# Problematic frame:
# V  [jvm.dll+0x3522e8]
#
# No core dump will be written. Minidumps are not enabled by default on client versions of Windows
#
# If you would like to submit a bug report, please visit:
#   https://bell-sw.com/support
#

---------------  S U M M A R Y ------------

Command Line: -Djpackage.app-version=1.0 -Xmx1024m -Dfile.encoding=UTF-8 --add-exports=java.base/java.lang=ALL-UNNAMED --add-exports=java.desktop/sun.awt=ALL-UNNAMED --add-exports=java.desktop/sun.java2d=ALL-UNNAMED -Dnetlogo.extensions.dir=C:\Program Files\NetLogo 6.3.0\app/../extensions -Dnetlogo.models.dir=C:\Program Files\NetLogo 6.3.0\app/../models -Dnetlogo.docs.dir=C:\Program Files\NetLogo 6.3.0\app/../docs -Djava.library.path=C:\Program Files\NetLogo 6.3.0\app/../natives/windows-amd64 -Djpackage.app-path=C:\Program Files\NetLogo 6.3.0\NetLogo.exe org.nlogo.app.App --launch C:\Users\RDEL1VMM\Documents\Netlogo\Bioaccumulation_Methylmercury\Alewives_StripedBass_Bioaccumulation_Methylmercury.nlogo

Host: Intel(R) Core(TM) i7-10750H CPU @ 2.60GHz, 12 cores, 15G,  Windows 10 , 64 bit Build 19041 (10.0.19041.3636)
Time: Tue Mar 12 15:06:32 2024 Eastern Daylight Time elapsed time: 3.556051 seconds (0d 0h 0m 3s)

---------------  T H R E A D  ---------------

Current thread (0x000001c7ec432660):  JavaThread "C2 CompilerThread1" daemon [_thread_in_native, id=2916, stack(0x0000007f08000000,0x0000007f08100000)]


Current CompileTask:
C2:   3556 3963       4       java.lang.invoke.MethodType::makeImpl (109 bytes)

Stack: [0x0000007f08000000,0x0000007f08100000],  sp=0x0000007f080fb878,  free space=1006k
Native frames: (J=compiled Java code, j=interpreted, Vv=VM code, C=native code)
V  [jvm.dll+0x3522e8]


siginfo: EXCEPTION_ACCESS_VIOLATION (0xc0000005), writing address 0x00007ff90b8b99c8


Register to memory mapping:

RIP=0x00007ff80b0d22e8 jvm.dll
RAX=0x0000007f080fe6c0 is pointing into the stack for thread: 0x000001c7ec432660
RBX=0x0000007f080fba70 is pointing into the stack for thread: 0x000001c7ec432660
RCX=0x000001c7edda4060 points into unknown readable memory: 0x000001c7edda4b20 | 20 4b da ed c7 01 00 00
RDX=0x0000007f080ff210 is pointing into the stack for thread: 0x000001c7ec432660
RSP=0x0000007f080fb878 is pointing into the stack for thread: 0x000001c7ec432660
RBP=0x0000000000000536 is an unknown value
RSI=0x000001c7ed86cb60 points into unknown readable memory: 0x0000001200000000 | 00 00 00 00 12 00 00 00
RDI=0x0000000000000007 is an unknown value
R8 =0x000001c7ebff0dd0 points into unknown readable memory: 0x000001c7ec432660 | 60 26 43 ec c7 01 00 00
R9 =0x00007ff90b8b99c8 is an unknown value
R10=0x0000000000000038 is an unknown value
R11=0x000001c7ed86cb60 points into unknown readable memory: 0x0000001200000000 | 00 00 00 00 12 00 00 00
R12=0x000001c7ec659750 points into unknown readable memory: 0x000001c7ed838990 | 90 89 83 ed c7 01 00 00
R13=0x000001c7ebf26980 points into unknown readable memory: 0x0074004900000006 | 06 00 00 00 49 00 74 00
R14=0x000001c7ec21cd78 points into unknown readable memory: 0x00007ff80b65c1d0 | d0 c1 65 0b f8 7f 00 00
R15=0x0 is NULL


Registers:
RAX=0x0000007f080fe6c0, RBX=0x0000007f080fba70, RCX=0x000001c7edda4060, RDX=0x0000007f080ff210
RSP=0x0000007f080fb878, RBP=0x0000000000000536, RSI=0x000001c7ed86cb60, RDI=0x0000000000000007
R8 =0x000001c7ebff0dd0, R9 =0x00007ff90b8b99c8, R10=0x0000000000000038, R11=0x000001c7ed86cb60
R12=0x000001c7ec659750, R13=0x000001c7ebf26980, R14=0x000001c7ec21cd78, R15=0x0000000000000000
RIP=0x00007ff80b0d22e8, EFLAGS=0x0000000000010202

Top of Stack: (sp=0x0000007f080fb878)
0x0000007f080fb878:   00007ff80b2b5e58 000001c7ed860900
0x0000007f080fb888:   000001c7ec21cd78 0000000000000000
0x0000007f080fb898:   000001c7ebbf77c8 000001c7ebf26980
0x0000007f080fb8a8:   000001c7ec659750 0000000000236a30
0x0000007f080fb8b8:   000001c7ec661700 000001c7ec661738
0x0000007f080fb8c8:   00007ff800000040 000001c7ebd26a18
0x0000007f080fb8d8:   0000000000000040 000001c7ebf26980
0x0000007f080fb8e8:   0000000000000000 0000007f080fba00
0x0000007f080fb8f8:   000001c7eb9db220 000001c7eb9db230
0x0000007f080fb908:   0000000000000000 0000007f080fbe80
0x0000007f080fb918:   0000007f080fba40 0000007f080fbda0
0x0000007f080fb928:   00000000000003d8 0000007f080fbea0
0x0000007f080fb938:   00007ff80af2fe35 0000007f00000000
0x0000007f080fb948:   0000007f00000001 000001c7ebbf77c8
0x0000007f080fb958:   00000000000003e8 0000000000000000
0x0000007f080fb968:   0000007f080fba20 0000000000000006 

Instructions: (pc=0x00007ff80b0d22e8)
0x00007ff80b0d21e8:   cc cc cc cc cc cc cc cc 40 53 48 83 ec 20 8b 0d
0x00007ff80b0d21f8:   c0 60 82 00 65 48 8b 04 25 58 00 00 00 ba 20 00
0x00007ff80b0d2208:   00 00 48 8b 04 c8 48 8b 0c 10 48 8b 81 d0 04 00
0x00007ff80b0d2218:   00 48 8b 98 80 00 00 00 48 8b 83 d0 08 00 00 48
0x00007ff80b0d2228:   85 c0 75 0c e8 9f 07 00 00 48 8b 83 d0 08 00 00
0x00007ff80b0d2238:   48 8b 08 48 89 8b d0 08 00 00 33 c9 48 89 08 48
0x00007ff80b0d2248:   89 48 08 48 89 48 10 48 89 48 18 48 83 c4 20 5b
0x00007ff80b0d2258:   c3 cc cc cc cc cc cc cc 48 89 5c 24 08 57 48 83
0x00007ff80b0d2268:   ec 20 8b da 48 8b f9 e8 7c ff ff ff c1 eb 08 3b
0x00007ff80b0d2278:   5f 04 72 08 44 8d 43 01 44 89 47 04 48 8b 4f 08
0x00007ff80b0d2288:   48 89 04 d9 48 8b 5c 24 30 48 83 c4 20 5f c3 cc
0x00007ff80b0d2298:   cc cc cc cc cc cc cc cc 4c 8b d9 8b c2 8b 15 11
0x00007ff80b0d22a8:   60 82 00 4c 8d 14 c5 00 00 00 00 48 8b 41 08 b9
0x00007ff80b0d22b8:   20 00 00 00 4d 8b 0c 02 65 48 8b 04 25 58 00 00
0x00007ff80b0d22c8:   00 4c 8b 04 d0 4c 03 c1 49 8b 00 48 8b 90 d0 04
0x00007ff80b0d22d8:   00 00 48 8b 82 80 00 00 00 48 8b 88 d0 08 00 00
0x00007ff80b0d22e8:   49 89 09 49 8b 00 48 8b 88 d0 04 00 00 48 8b 81
0x00007ff80b0d22f8:   80 00 00 00 48 8d 0d c5 76 7e 00 4c 89 88 d0 08
0x00007ff80b0d2308:   00 00 49 8b 43 08 49 89 0c 02 c3 cc cc cc cc cc
0x00007ff80b0d2318:   cc cc cc cc cc cc cc cc 48 89 5c 24 18 57 48 83
0x00007ff80b0d2328:   ec 20 81 c2 ff 00 00 00 33 db c1 ea 08 48 8b f9
0x00007ff80b0d2338:   48 89 19 89 91 90 00 00 00 83 fa 10 77 09 48 83
0x00007ff80b0d2348:   c1 10 e9 92 00 00 00 8b 0d 67 5f 82 00 65 48 8b
0x00007ff80b0d2358:   04 25 58 00 00 00 48 89 6c 24 30 41 b8 20 00 00
0x00007ff80b0d2368:   00 48 89 74 24 38 48 8b 04 c8 8b ea 48 c1 e5 03
0x00007ff80b0d2378:   4a 8b 0c 00 48 8b 81 d0 04 00 00 48 8b 88 80 00
0x00007ff80b0d2388:   00 00 48 8b c5 48 f7 d0 48 8b b1 c8 08 00 00 48
0x00007ff80b0d2398:   8b 4e 18 48 3b c1 73 16 4c 8d 05 b1 4d 58 00 48
0x00007ff80b0d23a8:   8b d5 48 8b ce e8 9e b2 d6 ff 48 8b 4e 18 48 8d
0x00007ff80b0d23b8:   04 29 48 3b 46 20 76 13 45 33 c0 48 8b d5 48 8b
0x00007ff80b0d23c8:   ce e8 52 af d6 ff 48 8b c8 eb 04 48 89 46 18 48
0x00007ff80b0d23d8:   8b 6c 24 30 48 8b 74 24 38 48 89 4f 08 39 9f 90 


Stack slot to memory mapping:
stack at sp + 0 slots: 0x00007ff80b2b5e58 jvm.dll
stack at sp + 1 slots: 0x000001c7ed860900 points into unknown readable memory: 0x0000000000000000 | 00 00 00 00 00 00 00 00
stack at sp + 2 slots: 0x000001c7ec21cd78 points into unknown readable memory: 0x00007ff80b65c1d0 | d0 c1 65 0b f8 7f 00 00
stack at sp + 3 slots: 0x0 is NULL
stack at sp + 4 slots: 0x000001c7ebbf77c8 points into unknown readable memory: 0x0000000000000000 | 00 00 00 00 00 00 00 00
stack at sp + 5 slots: 0x000001c7ebf26980 points into unknown readable memory: 0x0074004900000006 | 06 00 00 00 49 00 74 00
stack at sp + 6 slots: 0x000001c7ec659750 points into unknown readable memory: 0x000001c7ed838990 | 90 89 83 ed c7 01 00 00
stack at sp + 7 slots: 0x0000000000236a30 is an unknown value


---------------  P R O C E S S  ---------------

Threads class SMR info:
_java_thread_list=0x000001c7ee3bb700, length=23, elements={
0x000001c7c9580b80, 0x000001c7e5507870, 0x000001c7e6023090, 0x000001c7e60435f0,
0x000001c7e60450c0, 0x000001c7e6048230, 0x000001c7e6049290, 0x000001c7e5509d50,
0x000001c7e550ce10, 0x000001c7e550deb0, 0x000001c7e61ce660, 0x000001c7e61fb040,
0x000001c7e68c4030, 0x000001c7e67b7fc0, 0x000001c7e67b88a0, 0x000001c7e67e61a0,
0x000001c7e6994fe0, 0x000001c7eb8f3840, 0x000001c7eb8f0cf0, 0x000001c7eb8f1b60,
0x000001c7eb8f0820, 0x000001c7ec432660, 0x000001c7ec3d3fe0
}

Java Threads: ( => current thread )
  0x000001c7c9580b80 JavaThread "main" [_thread_blocked, id=6088, stack(0x0000007f06d00000,0x0000007f06e00000)]
  0x000001c7e5507870 JavaThread "Reference Handler" daemon [_thread_blocked, id=4396, stack(0x0000007f07400000,0x0000007f07500000)]
  0x000001c7e6023090 JavaThread "Finalizer" daemon [_thread_blocked, id=20516, stack(0x0000007f07500000,0x0000007f07600000)]
  0x000001c7e60435f0 JavaThread "Signal Dispatcher" daemon [_thread_blocked, id=480, stack(0x0000007f07600000,0x0000007f07700000)]
  0x000001c7e60450c0 JavaThread "Attach Listener" daemon [_thread_blocked, id=18464, stack(0x0000007f07700000,0x0000007f07800000)]
  0x000001c7e6048230 JavaThread "Service Thread" daemon [_thread_blocked, id=14960, stack(0x0000007f07800000,0x0000007f07900000)]
  0x000001c7e6049290 JavaThread "Monitor Deflation Thread" daemon [_thread_blocked, id=11460, stack(0x0000007f07900000,0x0000007f07a00000)]
  0x000001c7e5509d50 JavaThread "C2 CompilerThread0" daemon [_thread_in_native, id=22128, stack(0x0000007f07a00000,0x0000007f07b00000)]
  0x000001c7e550ce10 JavaThread "C1 CompilerThread0" daemon [_thread_in_native, id=21820, stack(0x0000007f07b00000,0x0000007f07c00000)]
  0x000001c7e550deb0 JavaThread "Sweeper thread" daemon [_thread_blocked, id=22392, stack(0x0000007f07c00000,0x0000007f07d00000)]
  0x000001c7e61ce660 JavaThread "Common-Cleaner" daemon [_thread_blocked, id=5632, stack(0x0000007f07d00000,0x0000007f07e00000)]
  0x000001c7e61fb040 JavaThread "Notification Thread" daemon [_thread_blocked, id=19080, stack(0x0000007f07e00000,0x0000007f07f00000)]
  0x000001c7e68c4030 JavaThread "Java2D Disposer" daemon [_thread_blocked, id=15376, stack(0x0000007f08100000,0x0000007f08200000)]
  0x000001c7e67b7fc0 JavaThread "AWT-Shutdown" [_thread_blocked, id=20396, stack(0x0000007f08200000,0x0000007f08300000)]
  0x000001c7e67b88a0 JavaThread "AWT-Windows" daemon [_thread_in_native, id=5924, stack(0x0000007f08300000,0x0000007f08400000)]
  0x000001c7e67e61a0 JavaThread "Image Fetcher 3" daemon [_thread_blocked, id=16184, stack(0x0000007f08400000,0x0000007f08500000)]
  0x000001c7e6994fe0 JavaThread "AWT-EventQueue-0" [_thread_in_Java, id=1724, stack(0x0000007f08500000,0x0000007f08600000)]
  0x000001c7eb8f3840 JavaThread "JobThread" [_thread_blocked, id=3208, stack(0x0000007f09000000,0x0000007f09800000)]
  0x000001c7eb8f0cf0 JavaThread "Keep-Alive-Timer" daemon [_thread_blocked, id=9628, stack(0x0000007f09800000,0x0000007f09900000)]
  0x000001c7eb8f1b60 JavaThread "TimerQueue" daemon [_thread_blocked, id=14552, stack(0x0000007f09a00000,0x0000007f09b00000)]
  0x000001c7eb8f0820 JavaThread "Lifeguard" [_thread_blocked, id=1600, stack(0x0000007f09b00000,0x0000007f09c00000)]
=>0x000001c7ec432660 JavaThread "C2 CompilerThread1" daemon [_thread_in_native, id=2916, stack(0x0000007f08000000,0x0000007f08100000)]
  0x000001c7ec3d3fe0 JavaThread "C2 CompilerThread2" daemon [_thread_in_native, id=9056, stack(0x0000007f09f00000,0x0000007f0a000000)]

Other Threads:
  0x000001c7e5503bf0 VMThread "VM Thread" [stack: 0x0000007f07300000,0x0000007f07400000] [id=16556]
  0x000001c7e60f11c0 WatcherThread [stack: 0x0000007f07f00000,0x0000007f08000000] [id=20188]
  0x000001c7c95be540 GCTaskThread "GC Thread#0" [stack: 0x0000007f06e00000,0x0000007f06f00000] [id=8728]
  0x000001c7e697f260 GCTaskThread "GC Thread#1" [stack: 0x0000007f08600000,0x0000007f08700000] [id=17956]
  0x000001c7e697f510 GCTaskThread "GC Thread#2" [stack: 0x0000007f08700000,0x0000007f08800000] [id=10400]
  0x000001c7e69a22a0 GCTaskThread "GC Thread#3" [stack: 0x0000007f08800000,0x0000007f08900000] [id=16736]
  0x000001c7e69a2550 GCTaskThread "GC Thread#4" [stack: 0x0000007f08900000,0x0000007f08a00000] [id=11568]
  0x000001c7e69a2800 GCTaskThread "GC Thread#5" [stack: 0x0000007f08a00000,0x0000007f08b00000] [id=19760]
  0x000001c7e69f1560 GCTaskThread "GC Thread#6" [stack: 0x0000007f08b00000,0x0000007f08c00000] [id=22008]
  0x000001c7e6b4f000 GCTaskThread "GC Thread#7" [stack: 0x0000007f08c00000,0x0000007f08d00000] [id=108]
  0x000001c7e6b4dfe0 GCTaskThread "GC Thread#8" [stack: 0x0000007f08d00000,0x0000007f08e00000] [id=9176]
  0x000001c7e6b4eaa0 GCTaskThread "GC Thread#9" [stack: 0x0000007f09900000,0x0000007f09a00000] [id=8364]
  0x000001c7c95c7390 ConcurrentGCThread "G1 Main Marker" [stack: 0x0000007f06f00000,0x0000007f07000000] [id=2036]
  0x000001c7c95c8450 ConcurrentGCThread "G1 Conc#0" [stack: 0x0000007f07000000,0x0000007f07100000] [id=21072]
  0x000001c7e6b4e7f0 ConcurrentGCThread "G1 Conc#1" [stack: 0x0000007f08e00000,0x0000007f08f00000] [id=16044]
  0x000001c7e6b4e290 ConcurrentGCThread "G1 Conc#2" [stack: 0x0000007f08f00000,0x0000007f09000000] [id=13080]
  0x000001c7c963d530 ConcurrentGCThread "G1 Refine#0" [stack: 0x0000007f07100000,0x0000007f07200000] [id=20776]
  0x000001c7e5380150 ConcurrentGCThread "G1 Service" [stack: 0x0000007f07200000,0x0000007f07300000] [id=312]

Threads with active compile tasks:
C2 CompilerThread0     3613 4099   !   4       jdk.internal.loader.BuiltinClassLoader::loadClassOrNull (143 bytes)
C1 CompilerThread0     3613 4239       3       java.lang.ClassLoader::getSystemClassLoader (96 bytes)
C2 CompilerThread1     3613 3963       4       java.lang.invoke.MethodType::makeImpl (109 bytes)
C2 CompilerThread2     3613 4238       4       java.lang.String::equalsIgnoreCase (45 bytes)

VM state: not at safepoint (normal execution)

VM Mutex/Monitor currently owned by a thread: None

Heap address: 0x00000000c0000000, size: 1024 MB, Compressed Oops mode: 32-bit

CDS archive(s) not mapped
Compressed class space mapped at: 0x0000000100000000-0x0000000140000000, reserved size: 1073741824
Narrow klass base: 0x0000000000000000, Narrow klass shift: 3, Narrow klass range: 0x140000000

GC Precious Log:
 CPUs: 12 total, 12 available
 Memory: 16156M
 Large Page Support: Disabled
 NUMA Support: Disabled
 Compressed Oops: Enabled (32-bit)
 Heap Region Size: 1M
 Heap Min Capacity: 8M
 Heap Initial Capacity: 254M
 Heap Max Capacity: 1G
 Pre-touch: Disabled
 Parallel Workers: 10
 Concurrent Workers: 3
 Concurrent Refinement Workers: 10
 Periodic GC: Disabled

Heap:
 garbage-first heap   total 145408K, used 35248K [0x00000000c0000000, 0x0000000100000000)
  region size 1024K, 21 young (21504K), 1 survivors (1024K)
 Metaspace       used 46900K, committed 47232K, reserved 1089536K
  class space    used 6810K, committed 6976K, reserved 1048576K

Heap Regions: E=young(eden), S=young(survivor), O=old, HS=humongous(starts), HC=humongous(continues), CS=collection set, F=free, OA=open archive, CA=closed archive, TAMS=top-at-mark-start (previous, next)
|   0|0x00000000c0000000, 0x00000000c0100000, 0x00000000c0100000|100%| O|  |TAMS 0x00000000c0100000, 0x00000000c0000000| Untracked 
|   1|0x00000000c0100000, 0x00000000c0200000, 0x00000000c0200000|100%| O|  |TAMS 0x00000000c0200000, 0x00000000c0100000| Untracked 
|   2|0x00000000c0200000, 0x00000000c0300000, 0x00000000c0300000|100%| O|  |TAMS 0x00000000c0300000, 0x00000000c0200000| Untracked 
|   3|0x00000000c0300000, 0x00000000c0300000, 0x00000000c0400000|  0%| F|  |TAMS 0x00000000c0300000, 0x00000000c0300000| Untracked 
|   4|0x00000000c0400000, 0x00000000c0500000, 0x00000000c0500000|100%| O|  |TAMS 0x00000000c0500000, 0x00000000c0400000| Untracked 
|   5|0x00000000c0500000, 0x00000000c0600000, 0x00000000c0600000|100%| O|  |TAMS 0x00000000c0600000, 0x00000000c0500000| Untracked 
|   6|0x00000000c0600000, 0x00000000c0700000, 0x00000000c0700000|100%| O|  |TAMS 0x00000000c0700000, 0x00000000c0600000| Untracked 
|   7|0x00000000c0700000, 0x00000000c0800000, 0x00000000c0800000|100%| O|  |TAMS 0x00000000c0800000, 0x00000000c0700000| Untracked 
|   8|0x00000000c0800000, 0x00000000c0900000, 0x00000000c0900000|100%| O|  |TAMS 0x00000000c0900000, 0x00000000c0800000| Untracked 
|   9|0x00000000c0900000, 0x00000000c0a00000, 0x00000000c0a00000|100%| O|  |TAMS 0x00000000c09da000, 0x00000000c0900000| Untracked 
|  10|0x00000000c0a00000, 0x00000000c0b00000, 0x00000000c0b00000|100%| O|  |TAMS 0x00000000c0a00000, 0x00000000c0a00000| Untracked 
|  11|0x00000000c0b00000, 0x00000000c0c00000, 0x00000000c0c00000|100%| O|  |TAMS 0x00000000c0b00000, 0x00000000c0b00000| Untracked 
|  12|0x00000000c0c00000, 0x00000000c0d00000, 0x00000000c0d00000|100%| O|  |TAMS 0x00000000c0c00000, 0x00000000c0c00000| Untracked 
|  13|0x00000000c0d00000, 0x00000000c0e00000, 0x00000000c0e00000|100%| O|  |TAMS 0x00000000c0e00000, 0x00000000c0d00000| Untracked 
|  14|0x00000000c0e00000, 0x00000000c0f00000, 0x00000000c0f00000|100%| O|  |TAMS 0x00000000c0f00000, 0x00000000c0e00000| Untracked 
|  15|0x00000000c0f00000, 0x00000000c0f9ea00, 0x00000000c1000000| 61%| O|  |TAMS 0x00000000c0f00000, 0x00000000c0f00000| Untracked 
|  16|0x00000000c1000000, 0x00000000c1000000, 0x00000000c1100000|  0%| F|  |TAMS 0x00000000c1000000, 0x00000000c1000000| Untracked 
|  17|0x00000000c1100000, 0x00000000c1100000, 0x00000000c1200000|  0%| F|  |TAMS 0x00000000c1100000, 0x00000000c1100000| Untracked 
|  18|0x00000000c1200000, 0x00000000c1200000, 0x00000000c1300000|  0%| F|  |TAMS 0x00000000c1200000, 0x00000000c1200000| Untracked 
|  19|0x00000000c1300000, 0x00000000c1300000, 0x00000000c1400000|  0%| F|  |TAMS 0x00000000c1300000, 0x00000000c1300000| Untracked 
|  20|0x00000000c1400000, 0x00000000c1400000, 0x00000000c1500000|  0%| F|  |TAMS 0x00000000c1400000, 0x00000000c1400000| Untracked 
|  21|0x00000000c1500000, 0x00000000c1500000, 0x00000000c1600000|  0%| F|  |TAMS 0x00000000c1500000, 0x00000000c1500000| Untracked 
|  22|0x00000000c1600000, 0x00000000c1600000, 0x00000000c1700000|  0%| F|  |TAMS 0x00000000c1600000, 0x00000000c1600000| Untracked 
|  23|0x00000000c1700000, 0x00000000c1700000, 0x00000000c1800000|  0%| F|  |TAMS 0x00000000c1700000, 0x00000000c1700000| Untracked 
|  24|0x00000000c1800000, 0x00000000c1800000, 0x00000000c1900000|  0%| F|  |TAMS 0x00000000c1800000, 0x00000000c1800000| Untracked 
|  25|0x00000000c1900000, 0x00000000c1900000, 0x00000000c1a00000|  0%| F|  |TAMS 0x00000000c1900000, 0x00000000c1900000| Untracked 
|  26|0x00000000c1a00000, 0x00000000c1a00000, 0x00000000c1b00000|  0%| F|  |TAMS 0x00000000c1a00000, 0x00000000c1a00000| Untracked 
|  27|0x00000000c1b00000, 0x00000000c1b00000, 0x00000000c1c00000|  0%| F|  |TAMS 0x00000000c1b00000, 0x00000000c1b00000| Untracked 
|  28|0x00000000c1c00000, 0x00000000c1c00000, 0x00000000c1d00000|  0%| F|  |TAMS 0x00000000c1c00000, 0x00000000c1c00000| Untracked 
|  29|0x00000000c1d00000, 0x00000000c1d00000, 0x00000000c1e00000|  0%| F|  |TAMS 0x00000000c1d00000, 0x00000000c1d00000| Untracked 
|  30|0x00000000c1e00000, 0x00000000c1e00000, 0x00000000c1f00000|  0%| F|  |TAMS 0x00000000c1e00000, 0x00000000c1e00000| Untracked 
|  31|0x00000000c1f00000, 0x00000000c1f00000, 0x00000000c2000000|  0%| F|  |TAMS 0x00000000c1f00000, 0x00000000c1f00000| Untracked 
|  32|0x00000000c2000000, 0x00000000c2000000, 0x00000000c2100000|  0%| F|  |TAMS 0x00000000c2000000, 0x00000000c2000000| Untracked 
|  33|0x00000000c2100000, 0x00000000c2100000, 0x00000000c2200000|  0%| F|  |TAMS 0x00000000c2100000, 0x00000000c2100000| Untracked 
|  34|0x00000000c2200000, 0x00000000c2200000, 0x00000000c2300000|  0%| F|  |TAMS 0x00000000c2200000, 0x00000000c2200000| Untracked 
|  35|0x00000000c2300000, 0x00000000c2300000, 0x00000000c2400000|  0%| F|  |TAMS 0x00000000c2300000, 0x00000000c2300000| Untracked 
|  36|0x00000000c2400000, 0x00000000c2400000, 0x00000000c2500000|  0%| F|  |TAMS 0x00000000c2400000, 0x00000000c2400000| Untracked 
|  37|0x00000000c2500000, 0x00000000c2500000, 0x00000000c2600000|  0%| F|  |TAMS 0x00000000c2500000, 0x00000000c2500000| Untracked 
|  38|0x00000000c2600000, 0x00000000c2600000, 0x00000000c2700000|  0%| F|  |TAMS 0x00000000c2600000, 0x00000000c2600000| Untracked 
|  39|0x00000000c2700000, 0x00000000c2700000, 0x00000000c2800000|  0%| F|  |TAMS 0x00000000c2700000, 0x00000000c2700000| Untracked 
|  40|0x00000000c2800000, 0x00000000c2800000, 0x00000000c2900000|  0%| F|  |TAMS 0x00000000c2800000, 0x00000000c2800000| Untracked 
|  41|0x00000000c2900000, 0x00000000c2900000, 0x00000000c2a00000|  0%| F|  |TAMS 0x00000000c2900000, 0x00000000c2900000| Untracked 
|  42|0x00000000c2a00000, 0x00000000c2a00000, 0x00000000c2b00000|  0%| F|  |TAMS 0x00000000c2a00000, 0x00000000c2a00000| Untracked 
|  43|0x00000000c2b00000, 0x00000000c2b00000, 0x00000000c2c00000|  0%| F|  |TAMS 0x00000000c2b00000, 0x00000000c2b00000| Untracked 
|  44|0x00000000c2c00000, 0x00000000c2c00000, 0x00000000c2d00000|  0%| F|  |TAMS 0x00000000c2c00000, 0x00000000c2c00000| Untracked 
|  45|0x00000000c2d00000, 0x00000000c2d00000, 0x00000000c2e00000|  0%| F|  |TAMS 0x00000000c2d00000, 0x00000000c2d00000| Untracked 
|  46|0x00000000c2e00000, 0x00000000c2e00000, 0x00000000c2f00000|  0%| F|  |TAMS 0x00000000c2e00000, 0x00000000c2e00000| Untracked 
|  47|0x00000000c2f00000, 0x00000000c2f00000, 0x00000000c3000000|  0%| F|  |TAMS 0x00000000c2f00000, 0x00000000c2f00000| Untracked 
|  48|0x00000000c3000000, 0x00000000c3000000, 0x00000000c3100000|  0%| F|  |TAMS 0x00000000c3000000, 0x00000000c3000000| Untracked 
|  49|0x00000000c3100000, 0x00000000c3100000, 0x00000000c3200000|  0%| F|  |TAMS 0x00000000c3100000, 0x00000000c3100000| Untracked 
|  50|0x00000000c3200000, 0x00000000c3200000, 0x00000000c3300000|  0%| F|  |TAMS 0x00000000c3200000, 0x00000000c3200000| Untracked 
|  51|0x00000000c3300000, 0x00000000c3300000, 0x00000000c3400000|  0%| F|  |TAMS 0x00000000c3300000, 0x00000000c3300000| Untracked 
|  52|0x00000000c3400000, 0x00000000c3400000, 0x00000000c3500000|  0%| F|  |TAMS 0x00000000c3400000, 0x00000000c3400000| Untracked 
|  53|0x00000000c3500000, 0x00000000c3500000, 0x00000000c3600000|  0%| F|  |TAMS 0x00000000c3500000, 0x00000000c3500000| Untracked 
|  54|0x00000000c3600000, 0x00000000c3600000, 0x00000000c3700000|  0%| F|  |TAMS 0x00000000c3600000, 0x00000000c3600000| Untracked 
|  55|0x00000000c3700000, 0x00000000c3700000, 0x00000000c3800000|  0%| F|  |TAMS 0x00000000c3700000, 0x00000000c3700000| Untracked 
|  56|0x00000000c3800000, 0x00000000c3800000, 0x00000000c3900000|  0%| F|  |TAMS 0x00000000c3800000, 0x00000000c3800000| Untracked 
|  57|0x00000000c3900000, 0x00000000c3900000, 0x00000000c3a00000|  0%| F|  |TAMS 0x00000000c3900000, 0x00000000c3900000| Untracked 
|  58|0x00000000c3a00000, 0x00000000c3a00000, 0x00000000c3b00000|  0%| F|  |TAMS 0x00000000c3a00000, 0x00000000c3a00000| Untracked 
|  59|0x00000000c3b00000, 0x00000000c3b00000, 0x00000000c3c00000|  0%| F|  |TAMS 0x00000000c3b00000, 0x00000000c3b00000| Untracked 
|  60|0x00000000c3c00000, 0x00000000c3c00000, 0x00000000c3d00000|  0%| F|  |TAMS 0x00000000c3c00000, 0x00000000c3c00000| Untracked 
|  61|0x00000000c3d00000, 0x00000000c3d00000, 0x00000000c3e00000|  0%| F|  |TAMS 0x00000000c3d00000, 0x00000000c3d00000| Untracked 
|  62|0x00000000c3e00000, 0x00000000c3e00000, 0x00000000c3f00000|  0%| F|  |TAMS 0x00000000c3e00000, 0x00000000c3e00000| Untracked 
|  63|0x00000000c3f00000, 0x00000000c3f00000, 0x00000000c4000000|  0%| F|  |TAMS 0x00000000c3f00000, 0x00000000c3f00000| Untracked 
|  64|0x00000000c4000000, 0x00000000c4000000, 0x00000000c4100000|  0%| F|  |TAMS 0x00000000c4000000, 0x00000000c4000000| Untracked 
|  65|0x00000000c4100000, 0x00000000c4100000, 0x00000000c4200000|  0%| F|  |TAMS 0x00000000c4100000, 0x00000000c4100000| Untracked 
|  66|0x00000000c4200000, 0x00000000c4200000, 0x00000000c4300000|  0%| F|  |TAMS 0x00000000c4200000, 0x00000000c4200000| Untracked 
|  67|0x00000000c4300000, 0x00000000c4300000, 0x00000000c4400000|  0%| F|  |TAMS 0x00000000c4300000, 0x00000000c4300000| Untracked 
|  68|0x00000000c4400000, 0x00000000c4400000, 0x00000000c4500000|  0%| F|  |TAMS 0x00000000c4400000, 0x00000000c4400000| Untracked 
|  69|0x00000000c4500000, 0x00000000c4500000, 0x00000000c4600000|  0%| F|  |TAMS 0x00000000c4500000, 0x00000000c4500000| Untracked 
|  70|0x00000000c4600000, 0x00000000c4600000, 0x00000000c4700000|  0%| F|  |TAMS 0x00000000c4600000, 0x00000000c4600000| Untracked 
|  71|0x00000000c4700000, 0x00000000c4700000, 0x00000000c4800000|  0%| F|  |TAMS 0x00000000c4700000, 0x00000000c4700000| Untracked 
|  72|0x00000000c4800000, 0x00000000c4800000, 0x00000000c4900000|  0%| F|  |TAMS 0x00000000c4800000, 0x00000000c4800000| Untracked 
|  73|0x00000000c4900000, 0x00000000c4900000, 0x00000000c4a00000|  0%| F|  |TAMS 0x00000000c4900000, 0x00000000c4900000| Untracked 
|  74|0x00000000c4a00000, 0x00000000c4a00000, 0x00000000c4b00000|  0%| F|  |TAMS 0x00000000c4a00000, 0x00000000c4a00000| Untracked 
|  75|0x00000000c4b00000, 0x00000000c4b00000, 0x00000000c4c00000|  0%| F|  |TAMS 0x00000000c4b00000, 0x00000000c4b00000| Untracked 
|  76|0x00000000c4c00000, 0x00000000c4c00000, 0x00000000c4d00000|  0%| F|  |TAMS 0x00000000c4c00000, 0x00000000c4c00000| Untracked 
|  77|0x00000000c4d00000, 0x00000000c4d00000, 0x00000000c4e00000|  0%| F|  |TAMS 0x00000000c4d00000, 0x00000000c4d00000| Untracked 
|  78|0x00000000c4e00000, 0x00000000c4e00000, 0x00000000c4f00000|  0%| F|  |TAMS 0x00000000c4e00000, 0x00000000c4e00000| Untracked 
|  79|0x00000000c4f00000, 0x00000000c4f00000, 0x00000000c5000000|  0%| F|  |TAMS 0x00000000c4f00000, 0x00000000c4f00000| Untracked 
|  80|0x00000000c5000000, 0x00000000c5000000, 0x00000000c5100000|  0%| F|  |TAMS 0x00000000c5000000, 0x00000000c5000000| Untracked 
|  81|0x00000000c5100000, 0x00000000c5100000, 0x00000000c5200000|  0%| F|  |TAMS 0x00000000c5100000, 0x00000000c5100000| Untracked 
|  82|0x00000000c5200000, 0x00000000c5200000, 0x00000000c5300000|  0%| F|  |TAMS 0x00000000c5200000, 0x00000000c5200000| Untracked 
|  83|0x00000000c5300000, 0x00000000c5300000, 0x00000000c5400000|  0%| F|  |TAMS 0x00000000c5300000, 0x00000000c5300000| Untracked 
|  84|0x00000000c5400000, 0x00000000c5400000, 0x00000000c5500000|  0%| F|  |TAMS 0x00000000c5400000, 0x00000000c5400000| Untracked 
|  85|0x00000000c5500000, 0x00000000c5500000, 0x00000000c5600000|  0%| F|  |TAMS 0x00000000c5500000, 0x00000000c5500000| Untracked 
|  86|0x00000000c5600000, 0x00000000c5600000, 0x00000000c5700000|  0%| F|  |TAMS 0x00000000c5600000, 0x00000000c5600000| Untracked 
|  87|0x00000000c5700000, 0x00000000c5700000, 0x00000000c5800000|  0%| F|  |TAMS 0x00000000c5700000, 0x00000000c5700000| Untracked 
|  88|0x00000000c5800000, 0x00000000c5800000, 0x00000000c5900000|  0%| F|  |TAMS 0x00000000c5800000, 0x00000000c5800000| Untracked 
|  89|0x00000000c5900000, 0x00000000c5900000, 0x00000000c5a00000|  0%| F|  |TAMS 0x00000000c5900000, 0x00000000c5900000| Untracked 
|  90|0x00000000c5a00000, 0x00000000c5a00000, 0x00000000c5b00000|  0%| F|  |TAMS 0x00000000c5a00000, 0x00000000c5a00000| Untracked 
|  91|0x00000000c5b00000, 0x00000000c5b00000, 0x00000000c5c00000|  0%| F|  |TAMS 0x00000000c5b00000, 0x00000000c5b00000| Untracked 
|  92|0x00000000c5c00000, 0x00000000c5c00000, 0x00000000c5d00000|  0%| F|  |TAMS 0x00000000c5c00000, 0x00000000c5c00000| Untracked 
|  93|0x00000000c5d00000, 0x00000000c5d00000, 0x00000000c5e00000|  0%| F|  |TAMS 0x00000000c5d00000, 0x00000000c5d00000| Untracked 
|  94|0x00000000c5e00000, 0x00000000c5e00000, 0x00000000c5f00000|  0%| F|  |TAMS 0x00000000c5e00000, 0x00000000c5e00000| Untracked 
|  95|0x00000000c5f00000, 0x00000000c5f00000, 0x00000000c6000000|  0%| F|  |TAMS 0x00000000c5f00000, 0x00000000c5f00000| Untracked 
|  96|0x00000000c6000000, 0x00000000c6000000, 0x00000000c6100000|  0%| F|  |TAMS 0x00000000c6000000, 0x00000000c6000000| Untracked 
|  97|0x00000000c6100000, 0x00000000c6100000, 0x00000000c6200000|  0%| F|  |TAMS 0x00000000c6100000, 0x00000000c6100000| Untracked 
|  98|0x00000000c6200000, 0x00000000c6200000, 0x00000000c6300000|  0%| F|  |TAMS 0x00000000c6200000, 0x00000000c6200000| Untracked 
|  99|0x00000000c6300000, 0x00000000c6300000, 0x00000000c6400000|  0%| F|  |TAMS 0x00000000c6300000, 0x00000000c6300000| Untracked 
| 100|0x00000000c6400000, 0x00000000c6400000, 0x00000000c6500000|  0%| F|  |TAMS 0x00000000c6400000, 0x00000000c6400000| Untracked 
| 101|0x00000000c6500000, 0x00000000c6500000, 0x00000000c6600000|  0%| F|  |TAMS 0x00000000c6500000, 0x00000000c6500000| Untracked 
| 102|0x00000000c6600000, 0x00000000c6600000, 0x00000000c6700000|  0%| F|  |TAMS 0x00000000c6600000, 0x00000000c6600000| Untracked 
| 103|0x00000000c6700000, 0x00000000c6700000, 0x00000000c6800000|  0%| F|  |TAMS 0x00000000c6700000, 0x00000000c6700000| Untracked 
| 104|0x00000000c6800000, 0x00000000c6800000, 0x00000000c6900000|  0%| F|  |TAMS 0x00000000c6800000, 0x00000000c6800000| Untracked 
| 105|0x00000000c6900000, 0x00000000c6900000, 0x00000000c6a00000|  0%| F|  |TAMS 0x00000000c6900000, 0x00000000c6900000| Untracked 
| 106|0x00000000c6a00000, 0x00000000c6a00000, 0x00000000c6b00000|  0%| F|  |TAMS 0x00000000c6a00000, 0x00000000c6a00000| Untracked 
| 107|0x00000000c6b00000, 0x00000000c6b00000, 0x00000000c6c00000|  0%| F|  |TAMS 0x00000000c6b00000, 0x00000000c6b00000| Untracked 
| 108|0x00000000c6c00000, 0x00000000c6c00000, 0x00000000c6d00000|  0%| F|  |TAMS 0x00000000c6c00000, 0x00000000c6c00000| Untracked 
| 109|0x00000000c6d00000, 0x00000000c6d00000, 0x00000000c6e00000|  0%| F|  |TAMS 0x00000000c6d00000, 0x00000000c6d00000| Untracked 
| 110|0x00000000c6e00000, 0x00000000c6e00000, 0x00000000c6f00000|  0%| F|  |TAMS 0x00000000c6e00000, 0x00000000c6e00000| Untracked 
| 111|0x00000000c6f00000, 0x00000000c6f00000, 0x00000000c7000000|  0%| F|  |TAMS 0x00000000c6f00000, 0x00000000c6f00000| Untracked 
| 112|0x00000000c7000000, 0x00000000c7000000, 0x00000000c7100000|  0%| F|  |TAMS 0x00000000c7000000, 0x00000000c7000000| Untracked 
| 113|0x00000000c7100000, 0x00000000c7100000, 0x00000000c7200000|  0%| F|  |TAMS 0x00000000c7100000, 0x00000000c7100000| Untracked 
| 114|0x00000000c7200000, 0x00000000c7200000, 0x00000000c7300000|  0%| F|  |TAMS 0x00000000c7200000, 0x00000000c7200000| Untracked 
| 115|0x00000000c7300000, 0x00000000c7300000, 0x00000000c7400000|  0%| F|  |TAMS 0x00000000c7300000, 0x00000000c7300000| Untracked 
| 116|0x00000000c7400000, 0x00000000c7400000, 0x00000000c7500000|  0%| F|  |TAMS 0x00000000c7400000, 0x00000000c7400000| Untracked 
| 117|0x00000000c7500000, 0x00000000c7500000, 0x00000000c7600000|  0%| F|  |TAMS 0x00000000c7500000, 0x00000000c7500000| Untracked 
| 118|0x00000000c7600000, 0x00000000c7600000, 0x00000000c7700000|  0%| F|  |TAMS 0x00000000c7600000, 0x00000000c7600000| Untracked 
| 119|0x00000000c7700000, 0x00000000c7700000, 0x00000000c7800000|  0%| F|  |TAMS 0x00000000c7700000, 0x00000000c7700000| Untracked 
| 120|0x00000000c7800000, 0x00000000c7800000, 0x00000000c7900000|  0%| F|  |TAMS 0x00000000c7800000, 0x00000000c7800000| Untracked 
| 121|0x00000000c7900000, 0x00000000c7a00000, 0x00000000c7a00000|100%| E|  |TAMS 0x00000000c7900000, 0x00000000c7900000| Complete 
| 122|0x00000000c7a00000, 0x00000000c7b00000, 0x00000000c7b00000|100%| E|CS|TAMS 0x00000000c7a00000, 0x00000000c7a00000| Complete 
| 123|0x00000000c7b00000, 0x00000000c7c00000, 0x00000000c7c00000|100%| E|CS|TAMS 0x00000000c7b00000, 0x00000000c7b00000| Complete 
| 124|0x00000000c7c00000, 0x00000000c7d00000, 0x00000000c7d00000|100%| E|CS|TAMS 0x00000000c7c00000, 0x00000000c7c00000| Complete 
| 125|0x00000000c7d00000, 0x00000000c7e00000, 0x00000000c7e00000|100%| E|CS|TAMS 0x00000000c7d00000, 0x00000000c7d00000| Complete 
| 126|0x00000000c7e00000, 0x00000000c7f00000, 0x00000000c7f00000|100%| E|CS|TAMS 0x00000000c7e00000, 0x00000000c7e00000| Complete 
| 127|0x00000000c7f00000, 0x00000000c8000000, 0x00000000c8000000|100%| E|CS|TAMS 0x00000000c7f00000, 0x00000000c7f00000| Complete 
| 128|0x00000000c8000000, 0x00000000c8100000, 0x00000000c8100000|100%| E|CS|TAMS 0x00000000c8000000, 0x00000000c8000000| Complete 
| 129|0x00000000c8100000, 0x00000000c8200000, 0x00000000c8200000|100%| E|CS|TAMS 0x00000000c8100000, 0x00000000c8100000| Complete 
| 130|0x00000000c8200000, 0x00000000c8300000, 0x00000000c8300000|100%| E|CS|TAMS 0x00000000c8200000, 0x00000000c8200000| Complete 
| 131|0x00000000c8300000, 0x00000000c8400000, 0x00000000c8400000|100%| E|CS|TAMS 0x00000000c8300000, 0x00000000c8300000| Complete 
| 132|0x00000000c8400000, 0x00000000c8500000, 0x00000000c8500000|100%| E|CS|TAMS 0x00000000c8400000, 0x00000000c8400000| Complete 
| 133|0x00000000c8500000, 0x00000000c8600000, 0x00000000c8600000|100%| E|CS|TAMS 0x00000000c8500000, 0x00000000c8500000| Complete 
| 134|0x00000000c8600000, 0x00000000c8700000, 0x00000000c8700000|100%| E|CS|TAMS 0x00000000c8600000, 0x00000000c8600000| Complete 
| 135|0x00000000c8700000, 0x00000000c8800000, 0x00000000c8800000|100%| E|CS|TAMS 0x00000000c8700000, 0x00000000c8700000| Complete 
| 136|0x00000000c8800000, 0x00000000c88cd6b8, 0x00000000c8900000| 80%| S|CS|TAMS 0x00000000c8800000, 0x00000000c8800000| Complete 
| 137|0x00000000c8900000, 0x00000000c8a00000, 0x00000000c8a00000|100%| E|CS|TAMS 0x00000000c8900000, 0x00000000c8900000| Complete 
| 138|0x00000000c8a00000, 0x00000000c8b00000, 0x00000000c8b00000|100%| E|CS|TAMS 0x00000000c8a00000, 0x00000000c8a00000| Complete 
| 240|0x00000000cf000000, 0x00000000cf100000, 0x00000000cf100000|100%| E|CS|TAMS 0x00000000cf000000, 0x00000000cf000000| Complete 
| 241|0x00000000cf100000, 0x00000000cf200000, 0x00000000cf200000|100%| E|CS|TAMS 0x00000000cf100000, 0x00000000cf100000| Complete 
| 253|0x00000000cfd00000, 0x00000000cfe00000, 0x00000000cfe00000|100%| E|CS|TAMS 0x00000000cfd00000, 0x00000000cfd00000| Complete 

Card table byte_map: [0x000001c7e03f0000,0x000001c7e05f0000] _byte_map_base: 0x000001c7dfdf0000

Marking Bits (Prev, Next): (CMBitMap*) 0x000001c7c95bea60, (CMBitMap*) 0x000001c7c95beaa0
 Prev Bits: [0x000001c7e07f0000, 0x000001c7e17f0000)
 Next Bits: [0x000001c7e17f0000, 0x000001c7e27f0000)

Polling page: 0x000001c7c7b40000

Metaspace:

Usage:
  Non-class:     39.17 MB used.
      Class:      6.66 MB used.
       Both:     45.83 MB used.

Virtual space:
  Non-class space:       40.00 MB reserved,      39.31 MB ( 98%) committed,  5 nodes.
      Class space:        1.00 GB reserved,       6.81 MB ( <1%) committed,  1 nodes.
             Both:        1.04 GB reserved,      46.13 MB (  4%) committed. 

Chunk freelists:
   Non-Class:  592.00 KB
       Class:  1.09 MB
        Both:  1.67 MB

MaxMetaspaceSize: unlimited
CompressedClassSpaceSize: 1.00 GB
Initial GC threshold: 21.00 MB
Current GC threshold: 59.06 MB
CDS: off
MetaspaceReclaimPolicy: balanced
 - commit_granule_bytes: 65536.
 - commit_granule_words: 8192.
 - virtual_space_node_default_size: 1048576.
 - enlarge_chunks_in_place: 1.
 - new_chunks_are_fully_committed: 0.
 - uncommit_free_chunks: 1.
 - use_allocation_guard: 0.
 - handle_deallocations: 1.


Internal statistics:

num_allocs_failed_limit: 6.
num_arena_births: 266.
num_arena_deaths: 0.
num_vsnodes_births: 6.
num_vsnodes_deaths: 0.
num_space_committed: 738.
num_space_uncommitted: 0.
num_chunks_returned_to_freelist: 6.
num_chunks_taken_from_freelist: 1141.
num_chunk_merges: 6.
num_chunk_splits: 832.
num_chunks_enlarged: 664.
num_purges: 0.
num_inconsistent_stats: 0.

CodeHeap 'non-profiled nmethods': size=120000Kb used=1622Kb max_used=1622Kb free=118377Kb
 bounds [0x000001c7d8120000, 0x000001c7d8390000, 0x000001c7df650000]
CodeHeap 'profiled nmethods': size=120000Kb used=8156Kb max_used=8156Kb free=111844Kb
 bounds [0x000001c7d0bf0000, 0x000001c7d13f0000, 0x000001c7d8120000]
CodeHeap 'non-nmethods': size=5760Kb used=1426Kb max_used=1444Kb free=4333Kb
 bounds [0x000001c7d0650000, 0x000001c7d08c0000, 0x000001c7d0bf0000]
 total_blobs=5034 nmethods=4249 adapters=694
 compilation: enabled
              stopped_count=0, restarted_count=0
 full_count=0

Compilation events (20 events):
Event: 3.541 Thread 0x000001c7e550ce10 nmethod 4110 0x000001c7d82ac210 code [0x000001c7d82ac3a0, 0x000001c7d82ac478]
Event: 3.541 Thread 0x000001c7e550ce10 4111       3       java.util.regex.Pattern$$Lambda$217/0x00000001002378b8::is (9 bytes)
Event: 3.541 Thread 0x000001c7e550ce10 nmethod 4111 0x000001c7d13a6410 code [0x000001c7d13a65a0, 0x000001c7d13a6778]
Event: 3.541 Thread 0x000001c7e550ce10 4112       3       java.util.regex.Pattern::lambda$Single$7 (11 bytes)
Event: 3.541 Thread 0x000001c7e550ce10 nmethod 4112 0x000001c7d13a6810 code [0x000001c7d13a69a0, 0x000001c7d13a6af8]
Event: 3.543 Thread 0x000001c7e550ce10 4113       3       java.util.BitSet::get (69 bytes)
Event: 3.544 Thread 0x000001c7e550ce10 nmethod 4113 0x000001c7d13a6b90 code [0x000001c7d13a6de0, 0x000001c7d13a75c8]
Event: 3.544 Thread 0x000001c7e550ce10 4114       3       com.vladsch.flexmark.util.sequence.BasedSequenceImpl::<init> (5 bytes)
Event: 3.544 Thread 0x000001c7e550ce10 nmethod 4114 0x000001c7d13a7910 code [0x000001c7d13a7aa0, 0x000001c7d13a7bf8]
Event: 3.546 Thread 0x000001c7e550ce10 4117       3       java.util.BitSet::expandTo (23 bytes)
Event: 3.546 Thread 0x000001c7e550ce10 nmethod 4117 0x000001c7d13a7c90 code [0x000001c7d13a7e40, 0x000001c7d13a7fe8]
Event: 3.546 Thread 0x000001c7e550ce10 4118       3       java.util.BitSet::set (58 bytes)
Event: 3.546 Thread 0x000001c7e550ce10 nmethod 4118 0x000001c7d13a8090 code [0x000001c7d13a82e0, 0x000001c7d13a8b18]
Event: 3.546 Thread 0x000001c7e550ce10 4119       3       java.lang.Integer::numberOfTrailingZeros (80 bytes)
Event: 3.546 Thread 0x000001c7e550ce10 nmethod 4119 0x000001c7d13a8e90 code [0x000001c7d13a9040, 0x000001c7d13a92b8]
Event: 3.547 Thread 0x000001c7e550ce10 4120       3       java.util.regex.Pattern::single (82 bytes)
Event: 3.548 Thread 0x000001c7e550ce10 nmethod 4120 0x000001c7d13a9390 code [0x000001c7d13a96c0, 0x000001c7d13aad78]
Event: 3.548 Thread 0x000001c7e550ce10 4121       3       java.lang.invoke.Invokers$Holder::linkToTargetMethod (9 bytes)
Event: 3.548 Thread 0x000001c7e550ce10 nmethod 4121 0x000001c7d13ab310 code [0x000001c7d13ab4c0, 0x000001c7d13ab798]
Event: 3.548 Thread 0x000001c7e550ce10 4123       3       java.util.BitSet::nextSetBit (102 bytes)

GC Heap History (20 events):
Event: 0.594 GC heap before
{Heap before GC invocations=0 (full 0):
 garbage-first heap   total 260096K, used 22528K [0x00000000c0000000, 0x0000000100000000)
  region size 1024K, 23 young (23552K), 0 survivors (0K)
 Metaspace       used 16216K, committed 16384K, reserved 1064960K
  class space    used 1936K, committed 2048K, reserved 1048576K
}
Event: 0.598 GC heap after
{Heap after GC invocations=1 (full 0):
 garbage-first heap   total 260096K, used 5733K [0x00000000c0000000, 0x0000000100000000)
  region size 1024K, 3 young (3072K), 3 survivors (3072K)
 Metaspace       used 16216K, committed 16384K, reserved 1064960K
  class space    used 1936K, committed 2048K, reserved 1048576K
}
Event: 0.774 GC heap before
{Heap before GC invocations=1 (full 0):
 garbage-first heap   total 260096K, used 16997K [0x00000000c0000000, 0x0000000100000000)
  region size 1024K, 15 young (15360K), 3 survivors (3072K)
 Metaspace       used 21303K, committed 21504K, reserved 1073152K
  class space    used 2988K, committed 3136K, reserved 1048576K
}
Event: 0.778 GC heap after
{Heap after GC invocations=2 (full 0):
 garbage-first heap   total 260096K, used 7336K [0x00000000c0000000, 0x0000000100000000)
  region size 1024K, 2 young (2048K), 2 survivors (2048K)
 Metaspace       used 21303K, committed 21504K, reserved 1073152K
  class space    used 2988K, committed 3136K, reserved 1048576K
}
Event: 1.048 GC heap before
{Heap before GC invocations=3 (full 0):
 garbage-first heap   total 30720K, used 21672K [0x00000000c0000000, 0x0000000100000000)
  region size 1024K, 17 young (17408K), 2 survivors (2048K)
 Metaspace       used 26262K, committed 26560K, reserved 1073152K
  class space    used 3666K, committed 3840K, reserved 1048576K
}
Event: 1.051 GC heap after
{Heap after GC invocations=4 (full 0):
 garbage-first heap   total 30720K, used 9788K [0x00000000c0000000, 0x0000000100000000)
  region size 1024K, 4 young (4096K), 4 survivors (4096K)
 Metaspace       used 26262K, committed 26560K, reserved 1073152K
  class space    used 3666K, committed 3840K, reserved 1048576K
}
Event: 1.100 GC heap before
{Heap before GC invocations=4 (full 0):
 garbage-first heap   total 30720K, used 10812K [0x00000000c0000000, 0x0000000100000000)
  region size 1024K, 5 young (5120K), 4 survivors (4096K)
 Metaspace       used 26780K, committed 27008K, reserved 1073152K
  class space    used 3727K, committed 3840K, reserved 1048576K
}
Event: 1.103 GC heap after
{Heap after GC invocations=5 (full 0):
 garbage-first heap   total 30720K, used 9800K [0x00000000c0000000, 0x0000000100000000)
  region size 1024K, 1 young (1024K), 1 survivors (1024K)
 Metaspace       used 26780K, committed 27008K, reserved 1073152K
  class space    used 3727K, committed 3840K, reserved 1048576K
}
Event: 2.187 GC heap before
{Heap before GC invocations=5 (full 0):
 garbage-first heap   total 30720K, used 16968K [0x00000000c0000000, 0x0000000100000000)
  region size 1024K, 9 young (9216K), 1 survivors (1024K)
 Metaspace       used 30987K, committed 31232K, reserved 1081344K
  class space    used 4260K, committed 4416K, reserved 1048576K
}
Event: 2.189 GC heap after
{Heap after GC invocations=6 (full 0):
 garbage-first heap   total 30720K, used 11039K [0x00000000c0000000, 0x0000000100000000)
  region size 1024K, 2 young (2048K), 2 survivors (2048K)
 Metaspace       used 30987K, committed 31232K, reserved 1081344K
  class space    used 4260K, committed 4416K, reserved 1048576K
}
Event: 2.477 GC heap before
{Heap before GC invocations=6 (full 0):
 garbage-first heap   total 30720K, used 18207K [0x00000000c0000000, 0x0000000100000000)
  region size 1024K, 10 young (10240K), 2 survivors (2048K)
 Metaspace       used 32743K, committed 33024K, reserved 1081344K
  class space    used 4502K, committed 4608K, reserved 1048576K
}
Event: 2.480 GC heap after
{Heap after GC invocations=7 (full 0):
 garbage-first heap   total 30720K, used 12246K [0x00000000c0000000, 0x0000000100000000)
  region size 1024K, 2 young (2048K), 2 survivors (2048K)
 Metaspace       used 32743K, committed 33024K, reserved 1081344K
  class space    used 4502K, committed 4608K, reserved 1048576K
}
Event: 2.832 GC heap before
{Heap before GC invocations=7 (full 0):
 garbage-first heap   total 30720K, used 20438K [0x00000000c0000000, 0x0000000100000000)
  region size 1024K, 10 young (10240K), 2 survivors (2048K)
 Metaspace       used 34609K, committed 34880K, reserved 1081344K
  class space    used 4798K, committed 4928K, reserved 1048576K
}
Event: 2.834 GC heap after
{Heap after GC invocations=8 (full 0):
 garbage-first heap   total 30720K, used 13143K [0x00000000c0000000, 0x0000000100000000)
  region size 1024K, 1 young (1024K), 1 survivors (1024K)
 Metaspace       used 34609K, committed 34880K, reserved 1081344K
  class space    used 4798K, committed 4928K, reserved 1048576K
}
Event: 2.889 GC heap before
{Heap before GC invocations=8 (full 0):
 garbage-first heap   total 30720K, used 16215K [0x00000000c0000000, 0x0000000100000000)
  region size 1024K, 5 young (5120K), 1 survivors (1024K)
 Metaspace       used 35885K, committed 36096K, reserved 1081344K
  class space    used 5067K, committed 5184K, reserved 1048576K
}
Event: 2.891 GC heap after
{Heap after GC invocations=9 (full 0):
 garbage-first heap   total 30720K, used 13352K [0x00000000c0000000, 0x0000000100000000)
  region size 1024K, 2 young (2048K), 2 survivors (2048K)
 Metaspace       used 35885K, committed 36096K, reserved 1081344K
  class space    used 5067K, committed 5184K, reserved 1048576K
}
Event: 3.052 GC heap before
{Heap before GC invocations=10 (full 0):
 garbage-first heap   total 30720K, used 20520K [0x00000000c0000000, 0x0000000100000000)
  region size 1024K, 10 young (10240K), 2 survivors (2048K)
 Metaspace       used 38999K, committed 39168K, reserved 1089536K
  class space    used 5541K, committed 5632K, reserved 1048576K
}
Event: 3.054 GC heap after
{Heap after GC invocations=11 (full 0):
 garbage-first heap   total 145408K, used 15626K [0x00000000c0000000, 0x0000000100000000)
  region size 1024K, 2 young (2048K), 2 survivors (2048K)
 Metaspace       used 38999K, committed 39168K, reserved 1089536K
  class space    used 5541K, committed 5632K, reserved 1048576K
}
Event: 3.150 GC heap before
{Heap before GC invocations=11 (full 0):
 garbage-first heap   total 145408K, used 19722K [0x00000000c0000000, 0x0000000100000000)
  region size 1024K, 7 young (7168K), 2 survivors (2048K)
 Metaspace       used 41150K, committed 41408K, reserved 1089536K
  class space    used 5839K, committed 6016K, reserved 1048576K
}
Event: 3.152 GC heap after
{Heap after GC invocations=12 (full 0):
 garbage-first heap   total 145408K, used 15792K [0x00000000c0000000, 0x0000000100000000)
  region size 1024K, 1 young (1024K), 1 survivors (1024K)
 Metaspace       used 41150K, committed 41408K, reserved 1089536K
  class space    used 5839K, committed 6016K, reserved 1048576K
}

Deoptimization events (20 events):
Event: 3.490 Thread 0x000001c7e6994fe0 Uncommon trap: trap_request=0xffffffde fr.pc=0x000001c7d8225fd8 relative=0x0000000000000058
Event: 3.490 Thread 0x000001c7e6994fe0 Uncommon trap: reason=class_check action=maybe_recompile pc=0x000001c7d8225fd8 method=java.lang.StringConcatHelper.stringOf(Ljava/lang/Object;)Ljava/lang/String; @ 5 c2
Event: 3.490 Thread 0x000001c7e6994fe0 DEOPT PACKING pc=0x000001c7d8225fd8 sp=0x0000007f085fe120
Event: 3.490 Thread 0x000001c7e6994fe0 DEOPT UNPACKING pc=0x000001c7d06a23a3 sp=0x0000007f085fe0a0 mode 2
Event: 3.538 Thread 0x000001c7e6994fe0 Uncommon trap: trap_request=0xffffffde fr.pc=0x000001c7d81c71fc relative=0x00000000000001dc
Event: 3.538 Thread 0x000001c7e6994fe0 Uncommon trap: reason=class_check action=maybe_recompile pc=0x000001c7d81c71fc method=java.util.regex.Matcher.getTextLength()I @ 4 c2
Event: 3.538 Thread 0x000001c7e6994fe0 DEOPT PACKING pc=0x000001c7d81c71fc sp=0x0000007f085fe180
Event: 3.538 Thread 0x000001c7e6994fe0 DEOPT UNPACKING pc=0x000001c7d06a23a3 sp=0x0000007f085fe0a8 mode 2
Event: 3.538 Thread 0x000001c7e6994fe0 Uncommon trap: trap_request=0xffffffde fr.pc=0x000001c7d81c71fc relative=0x00000000000001dc
Event: 3.538 Thread 0x000001c7e6994fe0 Uncommon trap: reason=class_check action=maybe_recompile pc=0x000001c7d81c71fc method=java.util.regex.Matcher.getTextLength()I @ 4 c2
Event: 3.538 Thread 0x000001c7e6994fe0 DEOPT PACKING pc=0x000001c7d81c71fc sp=0x0000007f085fe180
Event: 3.538 Thread 0x000001c7e6994fe0 DEOPT UNPACKING pc=0x000001c7d06a23a3 sp=0x0000007f085fe0a8 mode 2
Event: 3.539 Thread 0x000001c7e6994fe0 Uncommon trap: trap_request=0xffffffde fr.pc=0x000001c7d81c71fc relative=0x00000000000001dc
Event: 3.539 Thread 0x000001c7e6994fe0 Uncommon trap: reason=class_check action=maybe_recompile pc=0x000001c7d81c71fc method=java.util.regex.Matcher.getTextLength()I @ 4 c2
Event: 3.539 Thread 0x000001c7e6994fe0 DEOPT PACKING pc=0x000001c7d81c71fc sp=0x0000007f085fe180
Event: 3.539 Thread 0x000001c7e6994fe0 DEOPT UNPACKING pc=0x000001c7d06a23a3 sp=0x0000007f085fe0a8 mode 2
Event: 3.539 Thread 0x000001c7e6994fe0 Uncommon trap: trap_request=0xffffffde fr.pc=0x000001c7d81c71fc relative=0x00000000000001dc
Event: 3.539 Thread 0x000001c7e6994fe0 Uncommon trap: reason=class_check action=maybe_recompile pc=0x000001c7d81c71fc method=java.util.regex.Matcher.getTextLength()I @ 4 c2
Event: 3.539 Thread 0x000001c7e6994fe0 DEOPT PACKING pc=0x000001c7d81c71fc sp=0x0000007f085fe180
Event: 3.539 Thread 0x000001c7e6994fe0 DEOPT UNPACKING pc=0x000001c7d06a23a3 sp=0x0000007f085fe0a8 mode 2

Classes unloaded (0 events):
No events

Classes redefined (0 events):
No events

Internal exceptions (20 events):
Event: 0.974 Thread 0x000001c7c9580b80 Exception <a 'java/lang/NoSuchMethodError'{0x00000000c13ef560}: 'void java.lang.invoke.DirectMethodHandle$Holder.invokeStaticInit(java.lang.Object, java.lang.Object)'> (0x00000000c13ef560) 
thrown [j:\src\hotspot\share\interpreter\linkResolver.cpp, line 766]
Event: 0.975 Thread 0x000001c7c9580b80 Exception <a 'java/lang/NoSuchMethodError'{0x00000000c13f5b88}: 'int java.lang.invoke.DirectMethodHandle$Holder.invokeStaticInit(java.lang.Object, java.lang.Object)'> (0x00000000c13f5b88) 
thrown [j:\src\hotspot\share\interpreter\linkResolver.cpp, line 766]
Event: 1.058 Thread 0x000001c7c9580b80 Exception <a 'java/lang/NoSuchMethodError'{0x00000000cfdd2008}: 'java.lang.Object java.lang.invoke.DirectMethodHandle$Holder.invokeStaticInit(java.lang.Object, int, int, int, int)'> (0x00000000cfdd2008) 
thrown [j:\src\hotspot\share\interpreter\linkResolver.cpp, line 766]
Event: 1.096 Thread 0x000001c7c9580b80 Exception <a 'java/lang/NoSuchMethodError'{0x00000000cfdf5098}: 'java.lang.Object java.lang.invoke.DirectMethodHandle$Holder.invokeStaticInit(java.lang.Object, java.lang.Object, int, int, int, int)'> (0x00000000cfdf5098) 
thrown [j:\src\hotspot\share\interpreter\linkResolver.cpp, line 766]
Event: 1.755 Thread 0x000001c7c9580b80 Exception <a 'sun/nio/fs/WindowsException'{0x00000000c170dd08}> (0x00000000c170dd08) 
thrown [j:\src\hotspot\share\prims\jni.cpp, line 516]
Event: 1.761 Thread 0x000001c7c9580b80 Exception <a 'sun/nio/fs/WindowsException'{0x00000000c1718ff0}> (0x00000000c1718ff0) 
thrown [j:\src\hotspot\share\prims\jni.cpp, line 516]
Event: 1.763 Thread 0x000001c7c9580b80 Exception <a 'sun/nio/fs/WindowsException'{0x00000000c1728a98}> (0x00000000c1728a98) 
thrown [j:\src\hotspot\share\prims\jni.cpp, line 516]
Event: 1.953 Thread 0x000001c7c9580b80 Implicit null exception at 0x000001c7d81ac90c to 0x000001c7d81acad1
Event: 2.077 Thread 0x000001c7c9580b80 Exception <a 'sun/nio/fs/WindowsException'{0x00000000c16b64a0}> (0x00000000c16b64a0) 
thrown [j:\src\hotspot\share\prims\jni.cpp, line 516]
Event: 2.160 Thread 0x000001c7c9580b80 Exception <a 'sun/nio/fs/WindowsException'{0x00000000c16d17f8}> (0x00000000c16d17f8) 
thrown [j:\src\hotspot\share\prims\jni.cpp, line 516]
Event: 2.267 Thread 0x000001c7c9580b80 Exception <a 'java/lang/NoSuchMethodError'{0x00000000c19e2028}: 'java.lang.Object java.lang.invoke.DirectMethodHandle$Holder.invokeStatic(java.lang.Object, java.lang.Object, int)'> (0x00000000c19e2028) 
thrown [j:\src\hotspot\share\interpreter\linkResolver.cpp, line 766]
Event: 2.268 Thread 0x000001c7c9580b80 Exception <a 'java/lang/NoSuchMethodError'{0x00000000c19ea3a0}: 'java.lang.Object java.lang.invoke.DirectMethodHandle$Holder.newInvokeSpecial(java.lang.Object, java.lang.Object, int)'> (0x00000000c19ea3a0) 
thrown [j:\src\hotspot\share\interpreter\linkResolver.cpp, line 766]
Event: 2.995 Thread 0x000001c7c9580b80 Exception <a 'java/lang/NoSuchMethodError'{0x00000000c17e6048}: 'java.lang.Object java.lang.invoke.DirectMethodHandle$Holder.newInvokeSpecial(java.lang.Object, java.lang.Object, java.lang.Object, int)'> (0x00000000c17e6048) 
thrown [j:\src\hotspot\share\interpreter\linkResolver.cpp, line 766]
Event: 2.995 Thread 0x000001c7c9580b80 Exception <a 'java/lang/NoSuchMethodError'{0x00000000c17ea410}: 'java.lang.Object java.lang.invoke.DirectMethodHandle$Holder.invokeSpecial(java.lang.Object, java.lang.Object, java.lang.Object, java.lang.Object, int)'> (0x00000000c17ea410) 
thrown [j:\src\hotspot\share\interpreter\linkResolver.cpp, line 766]
Event: 2.995 Thread 0x000001c7c9580b80 Exception <a 'java/lang/NoSuchMethodError'{0x00000000c17ee280}: 'java.lang.Object java.lang.invoke.Invokers$Holder.linkToTargetMethod(java.lang.Object, java.lang.Object, int, java.lang.Object)'> (0x00000000c17ee280) 
thrown [j:\src\hotspot\share\interpreter\linkResolver.cpp, line 766]
Event: 3.107 Thread 0x000001c7e6994fe0 Exception <a 'java/lang/NoClassDefFoundError'{0x00000000cf0782f8}: org/apache/log4j/Category> (0x00000000cf0782f8) 
thrown [j:\src\hotspot\share\classfile\systemDictionary.cpp, line 245]
Event: 3.386 Thread 0x000001c7e6994fe0 Exception <a 'java/lang/NoSuchMethodError'{0x00000000c84da438}: 'java.lang.Object java.lang.invoke.DirectMethodHandle$Holder.newInvokeSpecial(java.lang.Object, double)'> (0x00000000c84da438) 
thrown [j:\src\hotspot\share\interpreter\linkResolver.cpp, line 766]
Event: 3.388 Thread 0x000001c7e6994fe0 Exception <a 'java/lang/NoSuchMethodError'{0x00000000c84ea3c8}: 'double java.lang.invoke.DirectMethodHandle$Holder.invokeStatic(java.lang.Object, double)'> (0x00000000c84ea3c8) 
thrown [j:\src\hotspot\share\interpreter\linkResolver.cpp, line 766]
Event: 3.390 Thread 0x000001c7e6994fe0 Exception <a 'java/lang/NoSuchMethodError'{0x00000000c83022d8}: 'java.lang.Object java.lang.invoke.DirectMethodHandle$Holder.newInvokeSpecial(java.lang.Object, java.lang.Object, java.lang.Object, java.lang.Object, java.lang.Object, java.lang.Object, java.lang.Object)'> (0x00000000c83022d8) 
thrown [j:\src\hotspot\share\interpreter\linkResolver.cpp, line 766]
Event: 3.390 Thread 0x000001c7e6994fe0 Exception <a 'java/lang/NoSuchMethodError'{0x00000000c8306be8}: 'java.lang.Object java.lang.invoke.Invokers$Holder.linkToTargetMethod(java.lang.Object, java.lang.Object, java.lang.Object, java.lang.Object, java.lang.Object, java.lang.Object, java.lang.Object)'> (0x00000000c8306be8) 
thrown [j:\src\hotspot\share\interpreter\linkResolver.cpp, line 766]

VM Operations (20 events):
Event: 2.897 Executing VM operation: G1Concurrent
Event: 2.899 Executing VM operation: G1Concurrent done
Event: 2.901 Executing VM operation: G1Concurrent
Event: 2.902 Executing VM operation: G1Concurrent done
Event: 3.052 Executing VM operation: G1CollectForAllocation
Event: 3.054 Executing VM operation: G1CollectForAllocation done
Event: 3.101 Executing VM operation: HandshakeAllThreads
Event: 3.102 Executing VM operation: HandshakeAllThreads done
Event: 3.150 Executing VM operation: G1CollectForAllocation
Event: 3.152 Executing VM operation: G1CollectForAllocation done
Event: 3.253 Executing VM operation: ICBufferFull
Event: 3.253 Executing VM operation: ICBufferFull done
Event: 3.322 Executing VM operation: HandshakeAllThreads
Event: 3.322 Executing VM operation: HandshakeAllThreads done
Event: 3.409 Executing VM operation: HandshakeAllThreads
Event: 3.409 Executing VM operation: HandshakeAllThreads done
Event: 3.409 Executing VM operation: HandshakeAllThreads
Event: 3.409 Executing VM operation: HandshakeAllThreads done
Event: 3.464 Executing VM operation: ICBufferFull
Event: 3.464 Executing VM operation: ICBufferFull done

Events (20 events):
Event: 3.490 loading class javax/swing/text/AbstractWriter done
Event: 3.490 loading class javax/swing/text/html/HTMLWriter done
Event: 3.490 loading class javax/swing/text/ElementIterator
Event: 3.490 loading class javax/swing/text/ElementIterator done
Event: 3.490 loading class javax/swing/text/ElementIterator$StackItem
Event: 3.490 loading class javax/swing/text/ElementIterator$StackItem done
Event: 3.512 loading class java/util/ConcurrentModificationException
Event: 3.512 loading class java/util/ConcurrentModificationException done
Event: 3.523 loading class java/util/regex/Pattern$GroupCurly
Event: 3.523 loading class java/util/regex/Pattern$GroupCurly done
Event: 3.524 loading class java/util/regex/Pattern$Pos
Event: 3.524 loading class java/util/regex/Pattern$Pos done
Event: 3.535 loading class java/lang/StringIndexOutOfBoundsException
Event: 3.535 loading class java/lang/StringIndexOutOfBoundsException done
Event: 3.537 loading class java/util/ArrayList$SubList$1
Event: 3.537 loading class java/util/ArrayList$SubList$1 done
Event: 3.539 loading class java/util/regex/Pattern$Neg
Event: 3.539 loading class java/util/regex/Pattern$Neg done
Event: 3.547 loading class java/util/regex/Pattern$StartS
Event: 3.547 loading class java/util/regex/Pattern$StartS done


Dynamic libraries:
0x00007ff6d43d0000 - 0x00007ff6d4447000 	C:\Program Files\NetLogo 6.3.0\NetLogo.exe
0x00007ff864f50000 - 0x00007ff865148000 	C:\WINDOWS\SYSTEM32\ntdll.dll
0x00007ff864e50000 - 0x00007ff864f0d000 	C:\WINDOWS\System32\KERNEL32.DLL
0x00007ff8627a0000 - 0x00007ff862a96000 	C:\WINDOWS\System32\KERNELBASE.dll
0x00007ff8642d0000 - 0x00007ff86446e000 	C:\WINDOWS\System32\USER32.dll
0x00007ff862f60000 - 0x00007ff862f82000 	C:\WINDOWS\System32\win32u.dll
0x00007ff8630c0000 - 0x00007ff8630eb000 	C:\WINDOWS\System32\GDI32.dll
0x00007ff862c50000 - 0x00007ff862d67000 	C:\WINDOWS\System32\gdi32full.dll
0x00007ff862da0000 - 0x00007ff862e3d000 	C:\WINDOWS\System32\msvcp_win.dll
0x00007ff8626a0000 - 0x00007ff8627a0000 	C:\WINDOWS\System32\ucrtbase.dll
0x00007ff8630f0000 - 0x00007ff863835000 	C:\WINDOWS\System32\SHELL32.dll
0x00007ff864b00000 - 0x00007ff864b32000 	C:\WINDOWS\System32\IMM32.DLL
0x00007ff864da0000 - 0x00007ff864e4d000 	C:\WINDOWS\System32\shcore.dll
0x00007ff863850000 - 0x00007ff8638ee000 	C:\WINDOWS\System32\msvcrt.dll
0x00007ff863d00000 - 0x00007ff864054000 	C:\WINDOWS\System32\combase.dll
0x00007ff8641a0000 - 0x00007ff8642c6000 	C:\WINDOWS\System32\RPCRT4.dll
0x00007ff858960000 - 0x00007ff858978000 	C:\Program Files\NetLogo 6.3.0\runtime\bin\jli.dll
0x00007ff841920000 - 0x00007ff841935000 	C:\Program Files\NetLogo 6.3.0\runtime\bin\VCRUNTIME140.dll
0x00007ff839030000 - 0x00007ff8390e0000 	C:\WINDOWS\WinSxS\amd64_microsoft.windows.common-controls_6595b64144ccf1df_5.82.19041.3636_none_7931fb75243f97c8\COMCTL32.dll
0x00007ff864060000 - 0x00007ff864113000 	C:\WINDOWS\System32\ADVAPI32.dll
0x00007ff864a00000 - 0x00007ff864a9f000 	C:\WINDOWS\System32\sechost.dll
0x00007ff862d70000 - 0x00007ff862d97000 	C:\WINDOWS\System32\bcrypt.dll
0x00007ff82b160000 - 0x00007ff82b1fb000 	C:\Program Files\NetLogo 6.3.0\runtime\bin\msvcp140.dll
0x00007ff80ad80000 - 0x00007ff80b992000 	C:\Program Files\NetLogo 6.3.0\runtime\bin\server\jvm.dll
0x00007ff864d90000 - 0x00007ff864d98000 	C:\WINDOWS\System32\PSAPI.DLL
0x00007ff861320000 - 0x00007ff86132a000 	C:\WINDOWS\SYSTEM32\VERSION.dll
0x00007ff85a360000 - 0x00007ff85a369000 	C:\WINDOWS\SYSTEM32\WSOCK32.dll
0x00007ff8427c0000 - 0x00007ff8427e7000 	C:\WINDOWS\SYSTEM32\WINMM.dll
0x00007ff863a60000 - 0x00007ff863acb000 	C:\WINDOWS\System32\WS2_32.dll
0x00007ff861280000 - 0x00007ff861292000 	C:\WINDOWS\SYSTEM32\kernel.appcore.dll
0x00007ff85ba40000 - 0x00007ff85ba4a000 	C:\Program Files\NetLogo 6.3.0\runtime\bin\jimage.dll
0x00007ff85fda0000 - 0x00007ff85ff84000 	C:\WINDOWS\SYSTEM32\DBGHELP.DLL
0x00007ff845560000 - 0x00007ff845594000 	C:\WINDOWS\SYSTEM32\dbgcore.DLL
0x00007ff862610000 - 0x00007ff862692000 	C:\WINDOWS\System32\bcryptPrimitives.dll
0x00007ff8408e0000 - 0x00007ff840905000 	C:\Program Files\NetLogo 6.3.0\runtime\bin\java.dll
0x00007ff824980000 - 0x00007ff824a56000 	C:\Program Files\NetLogo 6.3.0\runtime\bin\jsvml.dll
0x00007ff8601f0000 - 0x00007ff86098c000 	C:\WINDOWS\SYSTEM32\windows.storage.dll
0x00007ff861f50000 - 0x00007ff861f7e000 	C:\WINDOWS\SYSTEM32\Wldp.dll
0x00007ff862ff0000 - 0x00007ff8630bd000 	C:\WINDOWS\System32\OLEAUT32.dll
0x00007ff8648f0000 - 0x00007ff864945000 	C:\WINDOWS\System32\shlwapi.dll
0x00007ff862540000 - 0x00007ff862565000 	C:\WINDOWS\SYSTEM32\profapi.dll
0x00007ff8411e0000 - 0x00007ff8411f9000 	C:\Program Files\NetLogo 6.3.0\runtime\bin\net.dll
0x00007ff85c2c0000 - 0x00007ff85c3ca000 	C:\WINDOWS\SYSTEM32\WINHTTP.dll
0x00007ff861d40000 - 0x00007ff861daa000 	C:\WINDOWS\system32\mswsock.dll
0x00007ff83c710000 - 0x00007ff83c725000 	C:\Program Files\NetLogo 6.3.0\runtime\bin\nio.dll
0x00007ff83c560000 - 0x00007ff83c578000 	C:\Program Files\NetLogo 6.3.0\runtime\bin\zip.dll
0x00007ff85b560000 - 0x00007ff85b570000 	C:\Program Files\NetLogo 6.3.0\runtime\bin\verify.dll
0x00007ff80abd0000 - 0x00007ff80ad77000 	C:\Program Files\NetLogo 6.3.0\runtime\bin\awt.dll
0x00007ff85e700000 - 0x00007ff85e790000 	C:\WINDOWS\SYSTEM32\apphelp.dll
0x00007ff85e7f0000 - 0x00007ff85e88e000 	C:\WINDOWS\system32\uxtheme.dll
0x00007ff864c70000 - 0x00007ff864d84000 	C:\WINDOWS\System32\MSCTF.dll
0x00007ff864b40000 - 0x00007ff864c6b000 	C:\WINDOWS\System32\ole32.dll
0x00007ff85b490000 - 0x00007ff85b4bd000 	C:\Program Files\NetLogo 6.3.0\runtime\bin\javajpeg.dll
0x00007ff85f860000 - 0x00007ff85f88f000 	C:\WINDOWS\system32\DWMAPI.DLL
0x00007ff81caa0000 - 0x00007ff81cbc5000 	C:\WINDOWS\system32\opengl32.dll
0x00007ff822c10000 - 0x00007ff822c3c000 	C:\WINDOWS\SYSTEM32\GLU32.dll
0x00007ff835c90000 - 0x00007ff835d16000 	C:\Program Files\NetLogo 6.3.0\runtime\bin\freetype.dll
0x00007ff831ff0000 - 0x00007ff832095000 	C:\Program Files\NetLogo 6.3.0\runtime\bin\fontmanager.dll
0x00007ff85b650000 - 0x00007ff85b659000 	C:\Program Files\NetLogo 6.3.0\runtime\bin\prefs.dll
0x00007ff861fa0000 - 0x00007ff861fb8000 	C:\WINDOWS\SYSTEM32\CRYPTSP.dll
0x00007ff861620000 - 0x00007ff861654000 	C:\WINDOWS\system32\rsaenh.dll
0x00007ff862500000 - 0x00007ff86252e000 	C:\WINDOWS\SYSTEM32\USERENV.dll
0x00007ff861f80000 - 0x00007ff861f8c000 	C:\WINDOWS\SYSTEM32\CRYPTBASE.dll
0x00007ff861a00000 - 0x00007ff861a3b000 	C:\WINDOWS\SYSTEM32\IPHLPAPI.DLL
0x00007ff863840000 - 0x00007ff863848000 	C:\WINDOWS\System32\NSI.dll
0x00007ff85a460000 - 0x00007ff85a477000 	C:\WINDOWS\SYSTEM32\dhcpcsvc6.DLL
0x00007ff85a440000 - 0x00007ff85a45d000 	C:\WINDOWS\SYSTEM32\dhcpcsvc.DLL
0x00007ff861a40000 - 0x00007ff861b0b000 	C:\WINDOWS\SYSTEM32\DNSAPI.dll
0x00007ff85ba30000 - 0x00007ff85ba3e000 	C:\Program Files\NetLogo 6.3.0\runtime\bin\sunmscapi.dll
0x00007ff862af0000 - 0x00007ff862c4d000 	C:\WINDOWS\System32\CRYPT32.dll
0x00007ff8620b0000 - 0x00007ff8620d8000 	C:\WINDOWS\SYSTEM32\ncrypt.dll
0x00007ff862070000 - 0x00007ff8620ab000 	C:\WINDOWS\SYSTEM32\NTASN1.dll
0x00007ff859590000 - 0x00007ff85959a000 	C:\Windows\System32\rasadhlp.dll
0x00007ff85adf0000 - 0x00007ff85ae70000 	C:\WINDOWS\System32\fwpuclnt.dll
0x00007ff864950000 - 0x00007ff8649f9000 	C:\WINDOWS\System32\clbcatq.dll
0x00007ff838d90000 - 0x00007ff83902a000 	C:\WINDOWS\WinSxS\amd64_microsoft.windows.common-controls_6595b64144ccf1df_6.0.19041.3636_none_60b6a03d71f818d5\comctl32.dll
0x00007ff84ebd0000 - 0x00007ff84ed84000 	C:\WINDOWS\SYSTEM32\WindowsCodecs.dll
0x00007ff822c50000 - 0x00007ff822c8e000 	C:\WINDOWS\system32\dataexchange.dll
0x00007ff85f1f0000 - 0x00007ff85f453000 	C:\WINDOWS\system32\d3d11.dll
0x00007ff85df40000 - 0x00007ff85e123000 	C:\WINDOWS\system32\dcomp.dll
0x00007ff860aa0000 - 0x00007ff860b93000 	C:\WINDOWS\system32\dxgi.dll
0x00007ff8596d0000 - 0x00007ff8598d3000 	C:\WINDOWS\system32\twinapi.appcore.dll

dbghelp: loaded successfully - version: 4.0.5 - missing functions: none
symbol engine: initialized successfully - sym options: 0x614 - pdb path: .;C:\Program Files\NetLogo 6.3.0;C:\WINDOWS\SYSTEM32;C:\Program Files\NetLogo 6.3.0\runtime\bin;C:\WINDOWS\WinSxS\amd64_microsoft.windows.common-controls_6595b64144ccf1df_5.82.19041.3636_none_7931fb75243f97c8;C:\Program Files\NetLogo 6.3.0\runtime\bin\server;C:\WINDOWS\WinSxS\amd64_microsoft.windows.common-controls_6595b64144ccf1df_6.0.19041.3636_none_60b6a03d71f818d5

VM Arguments:
jvm_args: -Djpackage.app-version=1.0 -Xmx1024m -Dfile.encoding=UTF-8 --add-exports=java.base/java.lang=ALL-UNNAMED --add-exports=java.desktop/sun.awt=ALL-UNNAMED --add-exports=java.desktop/sun.java2d=ALL-UNNAMED -Dnetlogo.extensions.dir=C:\Program Files\NetLogo 6.3.0\app/../extensions -Dnetlogo.models.dir=C:\Program Files\NetLogo 6.3.0\app/../models -Dnetlogo.docs.dir=C:\Program Files\NetLogo 6.3.0\app/../docs -Djava.library.path=C:\Program Files\NetLogo 6.3.0\app/../natives/windows-amd64 -Djpackage.app-path=C:\Program Files\NetLogo 6.3.0\NetLogo.exe 
java_command: org.nlogo.app.App --launch C:\Users\RDEL1VMM\Documents\Netlogo\Bioaccumulation_Methylmercury\Alewives_StripedBass_Bioaccumulation_Methylmercury.nlogo
java_class_path (initial): C:\Program Files\NetLogo 6.3.0\app\netlogo-6.3.0.jar;C:\Program Files\NetLogo 6.3.0\app\args4j-2.0.12.jar;C:\Program Files\NetLogo 6.3.0\app\asm-9.1.jar;C:\Program Files\NetLogo 6.3.0\app\asm-analysis-9.1.jar;C:\Program Files\NetLogo 6.3.0\app\asm-commons-9.1.jar;C:\Program Files\NetLogo 6.3.0\app\asm-tree-9.1.jar;C:\Program Files\NetLogo 6.3.0\app\asm-util-9.1.jar;C:\Program Files\NetLogo 6.3.0\app\autolink-0.6.0.jar;C:\Program Files\NetLogo 6.3.0\app\behaviorsearch.jar;C:\Program Files\NetLogo 6.3.0\app\commons-codec-1.15.jar;C:\Program Files\NetLogo 6.3.0\app\commons-logging-1.1.1.jar;C:\Program Files\NetLogo 6.3.0\app\config-1.4.1.jar;C:\Program Files\NetLogo 6.3.0\app\flexmark-0.20.0.jar;C:\Program Files\NetLogo 6.3.0\app\flexmark-ext-autolink-0.20.0.jar;C:\Program Files\NetLogo 6.3.0\app\flexmark-ext-escaped-character-0.20.0.jar;C:\Program Files\NetLogo 6.3.0\app\flexmark-ext-typographic-0.20.0.jar;C:\Program Files\NetLogo 6.3.0\app\flexmark-formatter-0.20.0.jar;C:\Program Files\NetLogo 6.3.0\app\flexmark-util-0.20.0.jar;C:\Program Files\NetLogo 6.3.0\app\gluegen-rt.jar;C:\Program Files\NetLogo 6.3.0\app\httpclient-4.2.jar;C:\Program Files\NetLogo 6.3.0\app\httpcore-4.2.jar;C:\Program Files\NetLogo 6.3.0\app\httpmime-4.2.jar;C:\Program Files\NetLogo 6.3.0\app\javafx-base-16-win.jar;C:\Program Files\NetLogo 6.3.0\app\javafx-base-16.jar;C:\Program Files\NetLogo 6.3.0\app\javafx-controls-16-win.jar;C:\Program Files\NetLogo 6.3.0\app\javafx-controls-16.jar;C:\Program Files\NetLogo 6.3.0\app\javafx-fxml-16-win.jar;C:\Program Files\NetLogo 6.3.0\app\javafx-graphics-16-win.jar;C:\Program Files\NetLogo 6.3.0\app\javafx-graphics-16.jar;C:\Program Files\NetLogo 6.3.0\app\javafx-media-16-win.jar;C:\Program Files\NetLogo 6.3.0\app\javafx-media-16.jar;C:\Program Files\NetLogo 6.3.0\app\javafx-swing-16-win.jar;C:\Program Files\NetLogo 6.3.0\app\javafx-web-16-win.jar;C:\Program Files\NetLogo 6.3.0\app\jcommon-1.0.16.jar;C:\Program Files\NetLogo 6
Launcher Type: SUN_STANDARD

[Global flags]
     intx CICompilerCount                          = 4                                         {product} {ergonomic}
     uint ConcGCThreads                            = 3                                         {product} {ergonomic}
     uint G1ConcRefinementThreads                  = 10                                        {product} {ergonomic}
   size_t G1HeapRegionSize                         = 1048576                                   {product} {ergonomic}
    uintx GCDrainStackTargetSize                   = 64                                        {product} {ergonomic}
   size_t InitialHeapSize                          = 266338304                                 {product} {ergonomic}
   size_t MarkStackSize                            = 4194304                                   {product} {ergonomic}
   size_t MaxHeapSize                              = 1073741824                                {product} {command line}
   size_t MaxNewSize                               = 643825664                                 {product} {ergonomic}
   size_t MinHeapDeltaBytes                        = 1048576                                   {product} {ergonomic}
   size_t MinHeapSize                              = 8388608                                   {product} {ergonomic}
    uintx NonNMethodCodeHeapSize                   = 5839372                                {pd product} {ergonomic}
    uintx NonProfiledCodeHeapSize                  = 122909434                              {pd product} {ergonomic}
    uintx ProfiledCodeHeapSize                     = 122909434                              {pd product} {ergonomic}
    uintx ReservedCodeCacheSize                    = 251658240                              {pd product} {ergonomic}
     bool SegmentedCodeCache                       = true                                      {product} {ergonomic}
   size_t SoftMaxHeapSize                          = 1073741824                             {manageable} {ergonomic}
     bool UseCompressedClassPointers               = true                           {product lp64_product} {ergonomic}
     bool UseCompressedOops                        = true                           {product lp64_product} {ergonomic}
     bool UseG1GC                                  = true                                      {product} {ergonomic}
     bool UseLargePagesIndividualAllocation        = false                                  {pd product} {ergonomic}

Logging:
Log output configuration:
 #0: stdout all=warning uptime,level,tags
 #1: stderr all=off uptime,level,tags

Environment Variables:
PATH=C:\Program Files\NetLogo 6.3.0\;C:\Program Files\Microsoft\jdk-21.0.2.13-hotspot\bin;C:\Program Files (x86)\Common Files\Intel\Shared Libraries\emu;C:\Program Files (x86)\Common Files\Intel\Shared Libraries\ia32;C:\Program Files (x86)\Common Files\Intel\Shared Libraries\intel64;C:\Program Files (x86)\Common Files\Intel\Shared Libraries\;C:\Program Files (x86)\Intel\oneAPI\mpi\latest\bin\;C:\Program Files (x86)\Intel\oneAPI\mpi\latest\bin\release\;C:\Program Files (x86)\Intel\oneAPI\mpi\latest\libfabric\bin\;C:\Program Files (x86)\Intel\oneAPI\mpi\latest\libfabric\bin\utils\;C:\Program Files (x86)\Intel\oneAPI\compiler\latest\windows\redist\intel64_win\compiler;C:\Program Files (x86)\Intel\oneAPI\compiler\latest\windows\redist\ia32_win\compiler;C:\WINDOWS\system32;C:\WINDOWS;C:\WINDOWS\System32\Wbem;C:\WINDOWS\System32\WindowsPowerShell\v1.0\;C:\WINDOWS\System32\OpenSSH\;C:\Program Files (x86)\HID Global\ActivClient\;C:\Program Files\HID Global\ActivClient\;C:\Program Files\dotnet\;C:\Program Files\MATLAB\MATLAB Compiler Runtime\v82\runtime\win64;C:\Program Files\Microsoft SQL Server\150\Tools\Binn\;C:\Program Files\TortoiseSVN\bin;C:\Program Files (x86)\IncrediBuild;C:\Program Files\MATLAB\R2023a\bin;C:\Program Files\Git\cmd;C:\Users\RDEL1VMM\AppData\Local\Programs\Quarto\bin;C:\Users\RDEL1VMM\AppData\Roaming\TinyTeX\bin\windows;C:\Users\RDEL1VMM\AppData\Local\Microsoft\WindowsApps;C:\Users\RDEL1VMM\AppData\Local\Programs\MiKTeX\miktex\bin\x64\;C:\Users\RDEL1VMM\.dotnet\tools;C:\Program Files\NetLogo 6.3.0\app
USERNAME=RDEL1VMM
ARCH=x64
OS=Windows_NT
PROCESSOR_IDENTIFIER=Intel64 Family 6 Model 165 Stepping 2, GenuineIntel



---------------  S Y S T E M  ---------------

OS:
 Windows 10 , 64 bit Build 19041 (10.0.19041.3636)
OS uptime: 0 days 1:03 hours
Hyper-V role detected

CPU: total 12 (initial active 12) (6 cores per cpu, 2 threads per core) family 6 model 165 stepping 2 microcode 0xf8, cx8, cmov, fxsr, ht, mmx, 3dnowpref, sse, sse2, sse3, ssse3, sse4.1, sse4.2, popcnt, lzcnt, tsc, tscinvbit, avx, avx2, aes, erms, clmul, bmi1, bmi2, adx, fma, vzeroupper, clflush, clflushopt, hv

Memory: 4k page, system-wide physical 16156M (7695M free)
TotalPageFile size 19356M (AvailPageFile size 10844M)
current process WorkingSet (physical memory assigned to process): 190M, peak: 192M
current process commit charge ("private bytes"): 327M, peak: 367M

vm_info: OpenJDK 64-Bit Server VM (17.0.3+7-LTS) for windows-amd64 JRE (17.0.3+7-LTS), built on Apr 18 2022 18:03:59 by "" with MS VC++ 15.9 (VS2017)

END.
